2021-01-26T16:02:03+00:00 CRITICAL syntax error, unexpected '}' in D:\shop\wp-content\plugins\product-import-export-for-woo\includes\exporter\class-wf-prodimpexpcsv-exporter.php on line 72

2021-01-26T16:02:11+00:00 CRITICAL syntax error, unexpected '}' in D:\shop\wp-content\plugins\product-import-export-for-woo\includes\exporter\class-wf-prodimpexpcsv-exporter.php on line 72

2021-01-26T16:36:29+00:00 CRITICAL Uncaught Error: Call to undefined function get_regular_price() in D:\shop\wp-content\plugins\product-import-export-for-woo\includes\exporter\class-wf-prodimpexpcsv-exporter.php:90
Stack trace:
#0 D:\shop\wp-content\plugins\product-import-export-for-woo\product-import-export-for-woo.php(133): WF_ProdImpExpCsv_Exporter::do_export('product')
#1 D:\shop\wp-includes\class-wp-hook.php(287): WF_Product_Import_Export_CSV->catch_export_request('')
#2 D:\shop\wp-includes\class-wp-hook.php(311): WP_Hook->apply_filters(NULL, Array)
#3 D:\shop\wp-includes\plugin.php(484): WP_Hook->do_action(Array)
#4 D:\shop\wp-settings.php(557): do_action('init')
#5 D:\shop\wp-config.php(89): require_once('D:\\shop\\wp-sett...')
#6 D:\shop\wp-load.php(37): require_once('D:\\shop\\wp-conf...')
#7 D:\shop\wp-admin\admin.php(34): require_once('D:\\shop\\wp-load...')
#8 {main}
  thrown in D:\shop\wp-content\plugins\product-import-export-for-woo\includes\exporter\class-wf-prodimpexpcsv-exporter.php on line 90

2021-01-26T17:19:17+00:00 CRITICAL Uncaught Error: Cannot use object of type stdClass as array in D:\shop\wp-content\plugins\product-import-export-for-woo\includes\exporter\class-wf-prodimpexpcsv-exporter.php:37
Stack trace:
#0 D:\shop\wp-content\plugins\product-import-export-for-woo\product-import-export-for-woo.php(133): WF_ProdImpExpCsv_Exporter::do_export('product')
#1 D:\shop\wp-includes\class-wp-hook.php(287): WF_Product_Import_Export_CSV->catch_export_request('')
#2 D:\shop\wp-includes\class-wp-hook.php(311): WP_Hook->apply_filters(NULL, Array)
#3 D:\shop\wp-includes\plugin.php(484): WP_Hook->do_action(Array)
#4 D:\shop\wp-settings.php(557): do_action('init')
#5 D:\shop\wp-config.php(89): require_once('D:\\shop\\wp-sett...')
#6 D:\shop\wp-load.php(37): require_once('D:\\shop\\wp-conf...')
#7 D:\shop\wp-admin\admin.php(34): require_once('D:\\shop\\wp-load...')
#8 {main}
  thrown in D:\shop\wp-content\plugins\product-import-export-for-woo\includes\exporter\class-wf-prodimpexpcsv-exporter.php on line 37

2021-01-26T17:31:04+00:00 CRITICAL Uncaught Error: Call to undefined function mysql_error() in D:\shop\wp-content\plugins\product-import-export-for-woo\includes\exporter\class-wf-prodimpexpcsv-exporter.php:98
Stack trace:
#0 D:\shop\wp-content\plugins\product-import-export-for-woo\product-import-export-for-woo.php(132): include_once()
#1 D:\shop\wp-includes\class-wp-hook.php(287): WF_Product_Import_Export_CSV->catch_export_request('')
#2 D:\shop\wp-includes\class-wp-hook.php(311): WP_Hook->apply_filters(NULL, Array)
#3 D:\shop\wp-includes\plugin.php(484): WP_Hook->do_action(Array)
#4 D:\shop\wp-settings.php(557): do_action('init')
#5 D:\shop\wp-config.php(89): require_once('D:\\shop\\wp-sett...')
#6 D:\shop\wp-load.php(37): require_once('D:\\shop\\wp-conf...')
#7 D:\shop\wp-admin\admin.php(34): require_once('D:\\shop\\wp-load...')
#8 {main}
  thrown in D:\shop\wp-content\plugins\product-import-export-for-woo\includes\exporter\class-wf-prodimpexpcsv-exporter.php on line 98

2021-01-26T18:06:48+00:00 CRITICAL Uncaught Error: Call to undefined function mysql_error() in D:\shop\wp-content\plugins\product-import-export-for-woo\includes\exporter\class-wf-prodimpexpcsv-exporter.php:64
Stack trace:
#0 D:\shop\wp-content\plugins\product-import-export-for-woo\product-import-export-for-woo.php(132): include_once()
#1 D:\shop\wp-includes\class-wp-hook.php(287): WF_Product_Import_Export_CSV->catch_export_request('')
#2 D:\shop\wp-includes\class-wp-hook.php(311): WP_Hook->apply_filters(NULL, Array)
#3 D:\shop\wp-includes\plugin.php(484): WP_Hook->do_action(Array)
#4 D:\shop\wp-settings.php(557): do_action('init')
#5 D:\shop\wp-config.php(89): require_once('D:\\shop\\wp-sett...')
#6 D:\shop\wp-load.php(37): require_once('D:\\shop\\wp-conf...')
#7 D:\shop\wp-admin\admin.php(34): require_once('D:\\shop\\wp-load...')
#8 {main}
  thrown in D:\shop\wp-content\plugins\product-import-export-for-woo\includes\exporter\class-wf-prodimpexpcsv-exporter.php on line 64

2021-01-26T18:07:18+00:00 CRITICAL Uncaught Error: Call to undefined function mysql_error() in D:\shop\wp-content\plugins\product-import-export-for-woo\includes\exporter\class-wf-prodimpexpcsv-exporter.php:64
Stack trace:
#0 D:\shop\wp-content\plugins\product-import-export-for-woo\product-import-export-for-woo.php(132): include_once()
#1 D:\shop\wp-includes\class-wp-hook.php(287): WF_Product_Import_Export_CSV->catch_export_request('')
#2 D:\shop\wp-includes\class-wp-hook.php(311): WP_Hook->apply_filters(NULL, Array)
#3 D:\shop\wp-includes\plugin.php(484): WP_Hook->do_action(Array)
#4 D:\shop\wp-settings.php(557): do_action('init')
#5 D:\shop\wp-config.php(89): require_once('D:\\shop\\wp-sett...')
#6 D:\shop\wp-load.php(37): require_once('D:\\shop\\wp-conf...')
#7 D:\shop\wp-admin\admin.php(34): require_once('D:\\shop\\wp-load...')
#8 {main}
  thrown in D:\shop\wp-content\plugins\product-import-export-for-woo\includes\exporter\class-wf-prodimpexpcsv-exporter.php on line 64

2021-01-26T18:07:36+00:00 CRITICAL Uncaught Error: Call to undefined function mysql_error() in D:\shop\wp-content\plugins\product-import-export-for-woo\includes\exporter\class-wf-prodimpexpcsv-exporter.php:54
Stack trace:
#0 D:\shop\wp-content\plugins\product-import-export-for-woo\product-import-export-for-woo.php(132): include_once()
#1 D:\shop\wp-includes\class-wp-hook.php(287): WF_Product_Import_Export_CSV->catch_export_request('')
#2 D:\shop\wp-includes\class-wp-hook.php(311): WP_Hook->apply_filters(NULL, Array)
#3 D:\shop\wp-includes\plugin.php(484): WP_Hook->do_action(Array)
#4 D:\shop\wp-settings.php(557): do_action('init')
#5 D:\shop\wp-config.php(89): require_once('D:\\shop\\wp-sett...')
#6 D:\shop\wp-load.php(37): require_once('D:\\shop\\wp-conf...')
#7 D:\shop\wp-admin\admin.php(34): require_once('D:\\shop\\wp-load...')
#8 {main}
  thrown in D:\shop\wp-content\plugins\product-import-export-for-woo\includes\exporter\class-wf-prodimpexpcsv-exporter.php on line 54

2021-01-26T18:07:53+00:00 CRITICAL Uncaught Error: Call to undefined function mysql_error() in D:\shop\wp-content\plugins\product-import-export-for-woo\includes\exporter\class-wf-prodimpexpcsv-exporter.php:54
Stack trace:
#0 D:\shop\wp-content\plugins\product-import-export-for-woo\product-import-export-for-woo.php(132): include_once()
#1 D:\shop\wp-includes\class-wp-hook.php(287): WF_Product_Import_Export_CSV->catch_export_request('')
#2 D:\shop\wp-includes\class-wp-hook.php(311): WP_Hook->apply_filters(NULL, Array)
#3 D:\shop\wp-includes\plugin.php(484): WP_Hook->do_action(Array)
#4 D:\shop\wp-settings.php(557): do_action('init')
#5 D:\shop\wp-config.php(89): require_once('D:\\shop\\wp-sett...')
#6 D:\shop\wp-load.php(37): require_once('D:\\shop\\wp-conf...')
#7 D:\shop\wp-admin\admin.php(34): require_once('D:\\shop\\wp-load...')
#8 {main}
  thrown in D:\shop\wp-content\plugins\product-import-export-for-woo\includes\exporter\class-wf-prodimpexpcsv-exporter.php on line 54

